Using pre-set license
Built from '2022.3/staging' branch; Version is '2022.3.11f1 (d00248457e15) revision 13632072'; Using compiler version '192829333'; Build Type 'Release'
OS: 'Windows 11  (10.0.22631) 64bit CoreSingleLanguage' Language: 'en' Physical Memory: 24280 MB
BatchMode: 1, IsHumanControllingUs: 0, StartBugReporterOnCrash: 0, Is64bit: 1, IsPro: 1

COMMAND LINE ARGUMENTS:
C:\Program Files\Unity\Hub\Editor\2022.3.11f1\Editor\Unity.exe
-adb2
-batchMode
-noUpm
-name
AssetImportWorker3
-projectPath
C:/Users/stdso/Final
-logFile
Logs/AssetImportWorker3.log
-srvPort
55587
Successfully changed project path to: C:/Users/stdso/Final
C:/Users/stdso/Final
[UnityMemory] Configuration Parameters - Can be set up in boot.config
    "memorysetup-bucket-allocator-granularity=16"
    "memorysetup-bucket-allocator-bucket-count=8"
    "memorysetup-bucket-allocator-block-size=33554432"
    "memorysetup-bucket-allocator-block-count=8"
    "memorysetup-main-allocator-block-size=16777216"
    "memorysetup-thread-allocator-block-size=16777216"
    "memorysetup-gfx-main-allocator-block-size=16777216"
    "memorysetup-gfx-thread-allocator-block-size=16777216"
    "memorysetup-cache-allocator-block-size=4194304"
    "memorysetup-typetree-allocator-block-size=2097152"
    "memorysetup-profiler-bucket-allocator-granularity=16"
    "memorysetup-profiler-bucket-allocator-bucket-count=8"
    "memorysetup-profiler-bucket-allocator-block-size=33554432"
    "memorysetup-profiler-bucket-allocator-block-count=8"
    "memorysetup-profiler-allocator-block-size=16777216"
    "memorysetup-profiler-editor-allocator-block-size=1048576"
    "memorysetup-temp-allocator-size-main=16777216"
    "memorysetup-job-temp-allocator-block-size=2097152"
    "memorysetup-job-temp-allocator-block-size-background=1048576"
    "memorysetup-job-temp-allocator-reduction-small-platforms=262144"
    "memorysetup-allocator-temp-initial-block-size-main=262144"
    "memorysetup-allocator-temp-initial-block-size-worker=262144"
    "memorysetup-temp-allocator-size-background-worker=32768"
    "memorysetup-temp-allocator-size-job-worker=262144"
    "memorysetup-temp-allocator-size-preload-manager=33554432"
    "memorysetup-temp-allocator-size-nav-mesh-worker=65536"
    "memorysetup-temp-allocator-size-audio-worker=65536"
    "memorysetup-temp-allocator-size-cloud-worker=32768"
    "memorysetup-temp-allocator-size-gi-baking-worker=262144"
    "memorysetup-temp-allocator-size-gfx=262144"
Player connection [27636] Host "[IP] 127.0.2.2 [Port] 0 [Flags] 2 [Guid] 2274575090 [EditorId] 2274575090 [Version] 1048832 [Id] WindowsEditor(7,Xern) [Debug] 1 [PackageName] WindowsEditor [ProjectName] Editor" joined multi-casting on [225.0.0.222:54997]...

Player connection [27636] Host "[IP] 127.0.2.2 [Port] 0 [Flags] 2 [Guid] 2274575090 [EditorId] 2274575090 [Version] 1048832 [Id] WindowsEditor(7,Xern) [Debug] 1 [PackageName] WindowsEditor [ProjectName] Editor" joined alternative multi-casting on [225.0.0.222:34997]...

[Physics::Module] Initialized MultithreadedJobDispatcher with 19 workers.
Refreshing native plugins compatible for Editor in 8.81 ms, found 3 plugins.
Preloading 0 native plugins for Editor in 0.00 ms.
Initialize engine version: 2022.3.11f1 (d00248457e15)
[Subsystems] Discovering subsystems at path C:/Program Files/Unity/Hub/Editor/2022.3.11f1/Editor/Data/Resources/UnitySubsystems
[Subsystems] Discovering subsystems at path C:/Users/stdso/Final/Assets
GfxDevice: creating device client; threaded=0; jobified=0
Direct3D:
    Version:  Direct3D 11.0 [level 11.1]
    Renderer: NVIDIA GeForce RTX 3050 Ti Laptop GPU (ID=0x25a0)
    Vendor:   NVIDIA
    VRAM:     3976 MB
    Driver:   31.0.15.3758
Initialize mono
Mono path[0] = 'C:/Program Files/Unity/Hub/Editor/2022.3.11f1/Editor/Data/Managed'
Mono path[1] = 'C:/Program Files/Unity/Hub/Editor/2022.3.11f1/Editor/Data/MonoBleedingEdge/lib/mono/unityjit-win32'
Mono config path = 'C:/Program Files/Unity/Hub/Editor/2022.3.11f1/Editor/Data/MonoBleedingEdge/etc'
Using monoOptions --debugger-agent=transport=dt_socket,embedding=1,server=y,suspend=n,address=127.0.0.1:56580
Begin MonoManager ReloadAssembly
Registering precompiled unity dll's ...
Register platform support module: C:/Program Files/Unity/Hub/Editor/2022.3.11f1/Editor/Data/PlaybackEngines/WindowsStandaloneSupport/UnityEditor.WindowsStandalone.Extensions.dll
Registered in 0.006039 seconds.
- Loaded All Assemblies, in  0.441 seconds
Native extension for WindowsStandalone target not found
Mono: successfully reloaded assembly
- Finished resetting the current domain, in  0.347 seconds
Domain Reload Profiling: 787ms
	BeginReloadAssembly (141ms)
		ExecutionOrderSort (0ms)
		DisableScriptedObjects (0ms)
		BackupInstance (0ms)
		ReleaseScriptingObjects (0ms)
		CreateAndSetChildDomain (1ms)
	RebuildCommonClasses (41ms)
	RebuildNativeTypeToScriptingClass (14ms)
	initialDomainReloadingComplete (68ms)
	LoadAllAssembliesAndSetupDomain (175ms)
		LoadAssemblies (140ms)
		RebuildTransferFunctionScriptingTraits (0ms)
		AnalyzeDomain (173ms)
			TypeCache.Refresh (171ms)
				TypeCache.ScanAssembly (155ms)
			ScanForSourceGeneratedMonoScriptInfo (0ms)
			ResolveRequiredComponents (1ms)
	FinalizeReload (348ms)
		ReleaseScriptCaches (0ms)
		RebuildScriptCaches (0ms)
		SetupLoadedEditorAssemblies (268ms)
			LogAssemblyErrors (0ms)
			InitializePlatformSupportModulesInManaged (11ms)
			SetLoadedEditorAssemblies (10ms)
			RefreshPlugins (0ms)
			BeforeProcessingInitializeOnLoad (2ms)
			ProcessInitializeOnLoadAttributes (173ms)
			ProcessInitializeOnLoadMethodAttributes (72ms)
			AfterProcessingInitializeOnLoad (0ms)
			EditorAssembliesLoaded (0ms)
		ExecutionOrderSort2 (0ms)
		AwakeInstancesAfterBackupRestoration (0ms)
========================================================================
Worker process is ready to serve import requests
Begin MonoManager ReloadAssembly
- Loaded All Assemblies, in  0.905 seconds
Refreshing native plugins compatible for Editor in 3.58 ms, found 3 plugins.
Native extension for WindowsStandalone target not found
Package Manager log level set to [2]
[Package Manager] Server::EnsureServerProcessIsRunning -- launch failed, reason: Unity was launched with the -noUpm command-line argument
[Package Manager] UpmClient::Send -- Unable to send message (not connected to UPM process).
[Package Manager] Cannot connect to Unity Package Manager local server
Mono: successfully reloaded assembly
- Finished resetting the current domain, in  1.161 seconds
Domain Reload Profiling: 2064ms
	BeginReloadAssembly (180ms)
		ExecutionOrderSort (0ms)
		DisableScriptedObjects (6ms)
		BackupInstance (0ms)
		ReleaseScriptingObjects (0ms)
		CreateAndSetChildDomain (25ms)
	RebuildCommonClasses (42ms)
	RebuildNativeTypeToScriptingClass (14ms)
	initialDomainReloadingComplete (51ms)
	LoadAllAssembliesAndSetupDomain (614ms)
		LoadAssemblies (411ms)
		RebuildTransferFunctionScriptingTraits (0ms)
		AnalyzeDomain (306ms)
			TypeCache.Refresh (280ms)
				TypeCache.ScanAssembly (252ms)
			ScanForSourceGeneratedMonoScriptInfo (19ms)
			ResolveRequiredComponents (5ms)
	FinalizeReload (1162ms)
		ReleaseScriptCaches (0ms)
		RebuildScriptCaches (0ms)
		SetupLoadedEditorAssemblies (910ms)
			LogAssemblyErrors (0ms)
			InitializePlatformSupportModulesInManaged (7ms)
			SetLoadedEditorAssemblies (7ms)
			RefreshPlugins (0ms)
			BeforeProcessingInitializeOnLoad (93ms)
			ProcessInitializeOnLoadAttributes (763ms)
			ProcessInitializeOnLoadMethodAttributes (33ms)
			AfterProcessingInitializeOnLoad (6ms)
			EditorAssembliesLoaded (0ms)
		ExecutionOrderSort2 (0ms)
		AwakeInstancesAfterBackupRestoration (13ms)
Launched and connected shader compiler UnityShaderCompiler.exe after 0.07 seconds
Refreshing native plugins compatible for Editor in 6.44 ms, found 3 plugins.
Preloading 0 native plugins for Editor in 0.00 ms.
Unloading 3112 Unused Serialized files (Serialized files now loaded: 0)
Unloading 33 unused Assets / (57.4 KB). Loaded Objects now: 3574.
Memory consumption went from 122.5 MB to 122.4 MB.
Total: 8.213600 ms (FindLiveObjects: 0.428700 ms CreateObjectMapping: 0.306100 ms MarkObjects: 7.219800 ms  DeleteObjects: 0.256500 ms)

AssetImportParameters requested are different than current active one (requested -> active):
  custom:container-demuxer-ogg: 62fdf1f143b41e24485cea50d1cbac27 -> 
  custom:video-decoder-ogg-theora: a1e56fd34408186e4bbccfd4996cb3dc -> 
  custom:framework-win-MediaFoundation: 216162199b28c13a410421893ffa2e32 -> 
  custom:CustomObjectIndexerAttribute: 756ad292c208cfabdd7b50bc23989ffe -> 
  custom:container-demuxer-webm: 4f35f7cbe854078d1ac9338744f61a02 -> 
  custom:container-muxer-webm: aa71ff27fc2769a1b78a27578f13a17b -> 
  custom:video-decoder-webm-vp8: 9c59270c3fd7afecdb556c50c9e8de78 -> 
  custom:SearchIndexIgnoredProperties: e643bd26f0fe6173181afceb89e7c659 -> 
  custom:AudioImporter_EditorPlatform: d09bf68614088b80899f8185d706f6e7 -> 
  custom:video-encoder-webm-vp8: eb34c28f22e8b96e1ab97ce403110664 -> 
  custom:audio-decoder-ogg-vorbis: bf7c407c2cedff20999df2af8eb42d56 -> 
  custom:audio-encoder-webm-vorbis: bf7c407c2cedff20999df2af8eb42d56 -> 
========================================================================
Received Import Request.
  Time since last request: 400375.262298 seconds.
  path: Assets/Models/Run/Player/Remy_Body_Normal.png
  artifactKey: Guid(0dd88141c76846444a04811b2ec66cfd) Importer(815301076,1909f56bfc062723c751e8b465ee728b)
Start importing Assets/Models/Run/Player/Remy_Body_Normal.png using Guid(0dd88141c76846444a04811b2ec66cfd) Importer(815301076,1909f56bfc062723c751e8b465ee728b)  -> (artifact id: 'f10c45fd791547f2c248be2d4edf68ea') in 0.129325 seconds
Number of updated asset objects reloaded before import = 0
Number of asset objects unloaded after import = 2
========================================================================
Received Import Request.
  Time since last request: 0.000057 seconds.
  path: Assets/Models/Run/Player/Remy_Hair_Diffuse.png
  artifactKey: Guid(5858f9585ffddad4f947500fc4867c04) Importer(815301076,1909f56bfc062723c751e8b465ee728b)
Start importing Assets/Models/Run/Player/Remy_Hair_Diffuse.png using Guid(5858f9585ffddad4f947500fc4867c04) Importer(815301076,1909f56bfc062723c751e8b465ee728b)  -> (artifact id: 'e6ab81ea70b233ad1b67eb959a6def32') in 0.033754 seconds
Number of updated asset objects reloaded before import = 0
Number of asset objects unloaded after import = 2
========================================================================
Received Import Request.
  Time since last request: 0.000060 seconds.
  path: Assets/Models/Run/Player/Remy_Bottom_Specular.png
  artifactKey: Guid(58f10cf9979e0cb4c9d9478d308ef3ab) Importer(815301076,1909f56bfc062723c751e8b465ee728b)
Start importing Assets/Models/Run/Player/Remy_Bottom_Specular.png using Guid(58f10cf9979e0cb4c9d9478d308ef3ab) Importer(815301076,1909f56bfc062723c751e8b465ee728b)  -> (artifact id: '030f95c93a34b9e63fade84811b6bbc4') in 0.033611 seconds
Number of updated asset objects reloaded before import = 0
Number of asset objects unloaded after import = 2
========================================================================
Received Import Request.
  Time since last request: 1.668309 seconds.
  path: Assets/Models/Run/Player/Remy_Shoes_Normal.png
  artifactKey: Guid(f323725f35e51bc4691ea7596481abb5) Importer(815301076,1909f56bfc062723c751e8b465ee728b)
Start importing Assets/Models/Run/Player/Remy_Shoes_Normal.png using Guid(f323725f35e51bc4691ea7596481abb5) Importer(815301076,1909f56bfc062723c751e8b465ee728b)  -> (artifact id: '58c203dce430c1d0bb935c83e6caf15c') in 0.026677 seconds
Number of updated asset objects reloaded before import = 0
Number of asset objects unloaded after import = 2
========================================================================
Received Import Request.
  Time since last request: 0.000040 seconds.
  path: Assets/Models/Run/Player/Remy_Top_Specular.png
  artifactKey: Guid(ae32e4315acca8444a226b2650ad21cc) Importer(815301076,1909f56bfc062723c751e8b465ee728b)
Start importing Assets/Models/Run/Player/Remy_Top_Specular.png using Guid(ae32e4315acca8444a226b2650ad21cc) Importer(815301076,1909f56bfc062723c751e8b465ee728b)  -> (artifact id: '65924504478fe2620b52b3b34457cda5') in 0.025137 seconds
Number of updated asset objects reloaded before import = 0
Number of asset objects unloaded after import = 2
========================================================================
Received Import Request.
  Time since last request: 34.497878 seconds.
  path: Assets/Models/Run/Player/Remy_Body_Normal.png
  artifactKey: Guid(a128d2ab30ccce3408a21c458cc4183f) Importer(815301076,1909f56bfc062723c751e8b465ee728b)
Start importing Assets/Models/Run/Player/Remy_Body_Normal.png using Guid(a128d2ab30ccce3408a21c458cc4183f) Importer(815301076,1909f56bfc062723c751e8b465ee728b)  -> (artifact id: '0b8d1f9a84fbc088d87e2088f11198b1') in 0.033445 seconds
Number of updated asset objects reloaded before import = 0
Number of asset objects unloaded after import = 2
========================================================================
Received Import Request.
  Time since last request: 0.000031 seconds.
  path: Assets/Models/Run/Player/Remy_Bottom_Normal.png
  artifactKey: Guid(2015daa5e1acea145bdf905eb85131f2) Importer(815301076,1909f56bfc062723c751e8b465ee728b)
Start importing Assets/Models/Run/Player/Remy_Bottom_Normal.png using Guid(2015daa5e1acea145bdf905eb85131f2) Importer(815301076,1909f56bfc062723c751e8b465ee728b)  -> (artifact id: '379d625874eeacab08709b5bdbeca1f7') in 0.032300 seconds
Number of updated asset objects reloaded before import = 0
Number of asset objects unloaded after import = 2
========================================================================
Received Import Request.
  Time since last request: 0.000078 seconds.
  path: Assets/Models/Run/Player/Remy_Hair_Gloss.png
  artifactKey: Guid(447d79e2efeb4124db2e0b0c84338912) Importer(815301076,1909f56bfc062723c751e8b465ee728b)
Start importing Assets/Models/Run/Player/Remy_Hair_Gloss.png using Guid(447d79e2efeb4124db2e0b0c84338912) Importer(815301076,1909f56bfc062723c751e8b465ee728b)  -> (artifact id: 'b9a6c223e4da385449edc12ac4d18560') in 0.037182 seconds
Number of updated asset objects reloaded before import = 0
Number of asset objects unloaded after import = 2
========================================================================
Received Import Request.
  Time since last request: 0.000032 seconds.
  path: Assets/Models/Run/Player/Remy_Top_Diffuse.png
  artifactKey: Guid(8e279c23c3414064d8346254d289af0d) Importer(815301076,1909f56bfc062723c751e8b465ee728b)
Start importing Assets/Models/Run/Player/Remy_Top_Diffuse.png using Guid(8e279c23c3414064d8346254d289af0d) Importer(815301076,1909f56bfc062723c751e8b465ee728b)  -> (artifact id: '53305ee193ce97b478a60ec0b2dcdc59') in 0.023685 seconds
Number of updated asset objects reloaded before import = 0
Number of asset objects unloaded after import = 2
========================================================================
Received Import Request.
  Time since last request: 0.000035 seconds.
  path: Assets/Models/Run/Player/Remy_Body_Specular.png
  artifactKey: Guid(ba705726863d203488392aaf2b3d37dd) Importer(815301076,1909f56bfc062723c751e8b465ee728b)
Start importing Assets/Models/Run/Player/Remy_Body_Specular.png using Guid(ba705726863d203488392aaf2b3d37dd) Importer(815301076,1909f56bfc062723c751e8b465ee728b)  -> (artifact id: 'b23178bea5bf967ed7e009311392a8ed') in 0.032557 seconds
Number of updated asset objects reloaded before import = 0
Number of asset objects unloaded after import = 2
========================================================================
Received Import Request.
  Time since last request: 0.000047 seconds.
  path: Assets/Models/Run/Player/Remy_Shoes_Normal.png
  artifactKey: Guid(b7a69689acb22d64f9cd55b0f400c4b8) Importer(815301076,1909f56bfc062723c751e8b465ee728b)
Start importing Assets/Models/Run/Player/Remy_Shoes_Normal.png using Guid(b7a69689acb22d64f9cd55b0f400c4b8) Importer(815301076,1909f56bfc062723c751e8b465ee728b)  -> (artifact id: '0f987dd74bc107fb67cda7f4dc1c5b24') in 0.032861 seconds
Number of updated asset objects reloaded before import = 0
Number of asset objects unloaded after import = 2
========================================================================
Received Import Request.
  Time since last request: 3.934718 seconds.
  path: Assets/Models/Run/Player/Remy_Hair_Normal.png
  artifactKey: Guid(3e7a3e0071ba868469162fd3b21f7adb) Importer(815301076,1909f56bfc062723c751e8b465ee728b)
Start importing Assets/Models/Run/Player/Remy_Hair_Normal.png using Guid(3e7a3e0071ba868469162fd3b21f7adb) Importer(815301076,1909f56bfc062723c751e8b465ee728b)  -> (artifact id: 'b12edfbfc153cdb4bb5dc90134bad0b6') in 0.088048 seconds
Number of updated asset objects reloaded before import = 0
Number of asset objects unloaded after import = 2
Editor requested this worker to shutdown with reason: Scaling down because of idle timeout
TcpMessagingSession - receive error: operation aborted. errorcode: 995, details: The I/O operation has been aborted because of either a thread exit or an application request.
AssetImportWorker is now disconnected from the server
Process exiting
Exiting without the bug reporter. Application will terminate with return code 0